{"/home/ahmed/Programming/Chat app/nest-chat-api/test/testUtils.ts": {"path":"/home/ahmed/Programming/Chat app/nest-chat-api/test/testUtils.ts","statementMap":{"0":{"start":{"line":2,"column":0},"end":{"line":2,"column":32}},"1":{"start":{"line":3,"column":0},"end":{"line":3,"column":38}},"2":{"start":{"line":4,"column":0},"end":{"line":4,"column":39}},"3":{"start":{"line":5,"column":0},"end":{"line":5,"column":56}},"4":{"start":{"line":8,"column":19},"end":{"line":17,"column":4}},"5":{"start":{"line":18,"column":2},"end":{"line":18,"column":20}},"6":{"start":{"line":19,"column":2},"end":{"line":19,"column":33}},"7":{"start":{"line":20,"column":2},"end":{"line":20,"column":30}},"8":{"start":{"line":7,"column":0},"end":{"line":7,"column":16}}},"fnMap":{"0":{"name":"initSession","decl":{"start":{"line":7,"column":16},"end":{"line":7,"column":27}},"loc":{"start":{"line":7,"column":49},"end":{"line":21,"column":1}}}},"branchMap":{},"s":{"0":2,"1":2,"2":2,"3":2,"4":10,"5":10,"6":10,"7":10,"8":2},"f":{"0":10},"b":{}}
}
